<?xml version="1.0" encoding="UTF-8"?>
<testsuite name="todolist.Example" tests="1" skipped="0" failures="0" errors="0" timestamp="2021-04-15T21:18:31" hostname="LAPTOP-2VR6PJ6B" time="0.661">
  <properties/>
  <testcase name="test" classname="todolist.Example" time="0.661"/>
  <system-out><![CDATA[]]></system-out>
  <system-err><![CDATA[]]></system-err>
</testsuite>
