<?xml version="1.0" encoding="UTF-8"?>
<testsuite name="todolist.Example" tests="1" skipped="0" failures="0" errors="0" timestamp="2021-05-08T02:36:11" hostname="LAPTOP-2VR6PJ6B" time="0.001">
  <properties/>
  <testcase name="test" classname="todolist.Example" time="0.001"/>
  <system-out><![CDATA[]]></system-out>
  <system-err><![CDATA[]]></system-err>
</testsuite>
