<?xml version="1.0" encoding="UTF-8"?>
<testsuite name="todolist.AppTests" tests="4" skipped="0" failures="0" errors="0" timestamp="2021-05-08T02:36:11" hostname="LAPTOP-2VR6PJ6B" time="0.25">
  <properties/>
  <testcase name="Read In Users" classname="todolist.AppTests" time="0.192"/>
  <testcase name="Login Test" classname="todolist.AppTests" time="0.003"/>
  <testcase name="New List Test" classname="todolist.AppTests" time="0.017"/>
  <testcase name="Save List Test" classname="todolist.AppTests" time="0.036"/>
  <system-out><![CDATA[]]></system-out>
  <system-err><![CDATA[]]></system-err>
</testsuite>
