<?xml version="1.0" encoding="UTF-8"?>
<testsuite name="todolist.AppTests" tests="1" skipped="0" failures="0" errors="0" timestamp="2021-04-24T22:44:06" hostname="DESKTOP-KM1438T" time="0.03">
  <properties/>
  <testcase name="Retrieve Blank Tasks" classname="todolist.AppTests" time="0.03"/>
  <system-out><![CDATA[]]></system-out>
  <system-err><![CDATA[]]></system-err>
</testsuite>
